ReadGroup	Library	Sample	Total	Mapped	Duplicates	LENGTH_ESTIMATE	TEL0	TEL1	TEL2	TEL3	TEL4	TEL5	TEL6	TEL7	TEL8	TEL9	TEL10	TEL11	TEL12	TEL13	TEL14	TEL15	TEL16	GC0	GC1	GC2	GC3	GC4	GC5	GC6	GC7	GC8	GC9	
FAH03763	ultralong_quick	HG002	252171	22775	0	650.234	240250	2747	1199	839	685	584	479	407	337	321	260	265	213	225	196	178	159	9427	12401	13249	14327	18396	10092	12645	11252	8671	8376	
FAH03763-62149DB6	ultralong_quick	HG002	185746	16391	0	607.919	177413	2001	823	594	499	391	328	275	232	217	192	182	143	162	125	121	107	6858	9084	9835	10483	13485	7408	9286	8253	6429	6209	
FAH19588	FIRST_RUN	HG002	397197	313800	0	2256.41	210336	88130	44309	23616	13104	7364	4166	2449	1393	890	498	312	236	109	80	65	39	41816	31732	23582	16960	11591	7870	5465	3763	2671	1729	
FAH27563	ultralong_plug_filter	HG002	60936	20013	0	6733.1	41916	7399	2518	1502	1160	885	696	585	477	432	382	300	290	234	225	194	167	4739	3947	3358	2662	2027	1503	1218	987	749	532	
FAH27859	ultralong_plug	HG002	36740	16801	0	7551.83	24345	4693	1856	1070	749	587	456	363	301	262	221	213	174	135	143	112	66	2865	2399	2011	1516	1100	806	581	469	329	281	
FAH28333	ultralong_plug_filter	HG002	136443	68920	0	6573	85323	19437	8780	5390	3750	2590	2004	1563	1172	1034	799	652	507	466	360	329	268	12130	9778	7689	5983	4539	3329	2487	1871	1357	1002	
FAH31140	20171115_PCIA	HG002	60888	16875	0	6420.12	43910	7287	2199	1278	887	669	569	488	429	343	317	226	221	187	178	161	143	4682	3896	3034	2379	1742	1292	946	813	554	453	
FAH31142	20171130_PCIA	HG002	105771	37907	0	9991.7	75972	12204	3879	2327	1679	1256	1029	882	678	604	539	458	387	360	327	289	257	7120	5344	4226	2863	2139	1322	957	646	402	290	
FAH31761	fresh	HG002	70108	65199	0	11390	36241	11615	5765	3659	2651	1953	1437	1105	919	692	599	488	392	279	266	256	210	7135	5602	4331	3060	1989	1317	895	554	413	228	
FAH31830	20171204_PCIA	HG002	82660	73765	0	6132.45	49915	14105	5681	2742	1702	1134	881	651	543	519	381	310	330	297	258	236	197	8371	6631	5203	3697	2689	1701	1119	730	495	359	
FAH31888	frozen	HG002	35260	33477	0	22455.6	15096	4967	2959	2002	1520	1280	1073	852	712	605	497	416	349	346	281	251	233	3431	2625	2049	1348	875	588	390	279	171	120	
FAH36586	FC-QC_and_HalfPrecip	HG002	80828	73352	0	9115.9	35344	15691	9113	5603	3494	2414	1724	1335	978	811	651	490	385	367	287	265	207	8591	6764	5348	3813	2748	1835	1270	948	577	437	
FAH41079	PCIAx2_DIALYSIS	HG002	46372	42676	0	13629.5	20973	7601	4445	2949	2022	1423	1081	872	723	559	501	396	347	309	260	239	209	4792	3789	2854	1903	1466	877	623	427	283	182	
FAH41164	PCIAx2_DIALYSIS_RAD4	HG002	48497	45967	0	16822.9	20169	8109	4693	3006	2146	1545	1206	923	789	666	553	524	402	351	302	299	259	4755	3669	2711	1984	1308	871	614	405	295	155	
FAH41180	HG002_PCIAx2_lightSpin	HG002	17357	15603	0	6261.58	8523	3844	1887	959	581	380	270	175	126	106	104	52	63	35	30	41	35	1990	1534	1075	775	529	357	228	150	98	46	
FAH41190	HG002_pcia_mar12	HG002	16743	15429	0	12379.8	8398	2765	1397	816	620	403	358	289	234	204	143	134	119	97	90	71	55	1677	1409	1101	818	507	332	236	138	103	52	
FAH41195	NoDip2	HG002	85386	78292	0	7633.38	45724	16420	7456	4091	2528	1827	1266	1000	781	606	474	387	315	270	238	193	198	9517	7096	5317	3853	2567	1661	1089	729	501	301	
FAH41342	NoDip	HG002	14480	13214	0	5526.03	8563	2674	977	484	298	187	137	113	116	94	72	58	64	54	48	37	40	1482	1187	938	741	522	389	245	185	98	85	
FAH41358	HG002_PCIA_Dialysis-and-HG002_PCIA_precip_pellet	HG002	69683	62088	0	7825.93	37357	12949	5826	3269	2081	1418	1082	852	643	517	430	379	311	270	240	215	169	7361	5799	4444	3223	2225	1496	1023	681	455	256	
FAH41485	HG002_PCIAx2_dialysis	HG002	5823	4990	0	19687	2468	720	493	314	245	189	162	136	100	95	76	69	57	56	60	32	43	488	396	292	257	172	94	69	69	44	24	
FAH41485-21F91872	HG002_PCIAx2_dialysis	HG002	5823	4990	0	19687	2468	720	493	314	245	189	162	136	100	95	76	69	57	56	60	32	43	488	396	292	257	172	94	69	69	44	24	
FAH41497	HG002_Gentle	HG002	78463	71401	0	2147.26	49129	15382	5938	2768	1604	1043	708	477	340	239	184	109	108	91	55	46	47	8764	7365	6074	4759	3484	2229	1577	1084	708	481	
FAH4212	SpeedVacFloatDialysis	HG002	232777	214334	0	3098.73	128143	52580	22045	10621	5780	3496	2319	1579	1139	846	678	494	378	331	285	223	208	25712	20930	16511	12206	8630	5751	3996	2644	1846	1136	
FAH47304	BackToBasics	HG002	41256	37703	0	10388.8	18800	7225	4057	2495	1710	1221	968	807	548	499	380	350	266	230	213	160	132	4608	3708	2906	2184	1501	995	713	426	269	185	
FAH47349	HG002_pcia_mar12	HG002	14160	12782	0	11276.5	7242	2223	1114	709	499	413	300	233	192	134	117	117	100	76	79	47	54	1349	1074	858	584	457	280	174	129	85	64	
FAH47366	HG002_pcia_1_mar12	HG002	33907	30525	0	3384.53	19433	7401	2844	1359	718	463	307	215	177	151	100	96	68	66	45	40	34	4048	3201	2504	1891	1301	819	555	385	242	177	
FAH47382	BackToBasics2	HG002	192085	165824	0	4154.84	109836	36948	15683	8296	5179	3396	2433	1699	1354	1051	885	726	567	495	433	360	295	22771	18666	15048	11643	8192	5500	3683	2402	1482	904	
FAH55610	GM24385_B2_run1	HG002	106482	77973	0	15115.9	56184	12926	7065	4504	3328	2636	2205	1733	1618	1303	1187	1027	882	817	737	670	611	9162	6887	5510	3882	3007	2058	1604	1222	989	819	
FAH55699	GM24385_B2_run3	HG002	61470	38663	0	13433.9	34326	7312	3918	2363	1734	1355	1094	936	761	717	597	532	498	423	393	356	318	5088	3939	3116	2336	1696	1282	1052	817	618	557	
FAH55699_FAK19060	GM24385_B2_run3_4	HG002	52278	39785	0	17032.9	26604	5794	3643	2187	1574	1219	1050	900	767	653	589	523	513	451	377	385	310	3959	3094	2494	1771	1360	962	796	653	532	449	
FAH55745	GM24385_Run1	HG002	74702	69004	0	14719.6	35772	11666	6913	4275	3052	2225	1654	1279	1093	853	741	573	487	408	349	341	264	7202	5378	3911	2846	1865	1274	872	604	412	261	
FAH55746	GM24385_Run2	HG002	167459	158348	0	11179.7	80496	28716	16123	10319	6779	4886	3608	2795	2127	1671	1412	1081	965	822	653	552	471	17417	12962	9969	6943	4893	3226	2118	1401	964	626	
FAH55747	GM24385_Run4	HG002	147690	133721	0	14594.5	70207	24000	13850	8765	6096	4524	3372	2698	2116	1755	1446	1160	1001	826	689	616	544	15297	11029	8085	5808	3878	2491	1680	1104	740	517	
FAH58844	GM24385_B2_run2	HG002	102453	73251	0	13490.5	53959	13258	7179	4520	3225	2455	2000	1704	1466	1199	1049	916	858	785	656	597	532	9109	7205	5602	3922	3128	2106	1726	1271	1020	809	
FAH59421	GM24385_UB_Run9	HG002	48955	45016	0	3739.54	28176	10583	4296	2010	1130	683	468	335	257	177	172	111	95	66	59	51	45	5382	4185	3111	2298	1619	1027	682	468	304	216	
FAH86463	NoDip_rerun3	HG002	403305	381347	0	6181.52	213941	73431	36849	21439	13807	9125	6501	4874	3726	2881	2322	1839	1452	1214	1081	836	779	41974	33235	26803	20458	14527	10050	7068	4738	3149	2053	
FAH86477	GM24385_UB_Run6	HG002	64194	44987	0	13354.8	36513	6794	3983	2326	1723	1417	1087	933	849	700	604	548	525	459	422	412	364	5101	4326	3640	2459	1908	1242	978	825	654	594	
FAH86511	high_precip	HG002	101244	92378	0	17335.4	44276	15181	9030	5644	3914	3055	2462	2045	1677	1419	1194	1032	896	769	745	679	552	10145	7625	5714	4088	2758	1835	1255	763	576	311	
FAH86787	GM24385_UB_Run5	HG002	74235	59312	0	14168.2	38653	9802	5601	3335	2433	1688	1487	1183	935	816	724	668	556	560	528	452	426	6593	5511	4651	2932	2151	1345	1049	730	545	496	
FAH86902	GM24385_UB_Run8	HG002	99158	86660	0	18084.3	46262	13479	7621	4619	3360	2506	2105	1723	1525	1330	1157	1060	985	848	754	732	702	8942	6887	5417	3648	2589	1737	1181	846	596	433	
FAH87395	GM24385_UB_Run7	HG002	21894	17306	0	16046.3	11068	2752	1459	899	586	479	404	331	299	295	233	218	210	196	167	140	145	1826	1556	1196	854	596	411	288	217	163	125	
FAH87395-4FA46A12	GM24385_UB_Run7	HG002	21894	17306	0	16046.3	11068	2752	1459	899	586	479	404	331	299	295	233	218	210	196	167	140	145	1826	1556	1196	854	596	411	288	217	163	125	
FAH92627	gm24385_180714DNAd	HG002	205832	64102	0	2404.43	169534	13298	5306	2804	1853	1413	1097	919	765	691	612	538	476	412	407	349	307	20713	20601	17489	13654	10730	5743	4415	3063	2349	1960	
FAH95006	gm24385_180714DNAc	HG002	88870	49633	0	7490.72	58055	9625	4705	2791	2022	1453	1178	991	837	707	633	524	496	443	369	325	286	6965	5944	4910	3946	3119	2299	1967	1739	1528	1362	
FAH96481	gm24385_180714DNA	HG002	128132	58671	0	4286.46	93960	12051	5217	2814	1797	1444	1155	948	833	677	615	525	486	464	399	346	312	10910	9588	8207	6863	5599	3859	3120	2520	2060	1819	
FAH96539	high_precip	HG002	117523	107739	0	4186.1	67672	22742	9687	4879	2893	1890	1407	983	829	604	523	398	358	285	243	239	194	12531	10305	8320	6491	4833	3212	2173	1408	998	720	
FAH96690	180531DNA1	HG002	138693	126182	0	8441.32	71856	24632	11707	6844	4412	3306	2546	2030	1564	1277	1075	868	769	657	555	507	437	15330	11986	9378	7029	5038	3307	2275	1531	1013	647	
FAH96690-1967E07C	180531DNA1	HG002	112011	101290	0	7373.13	59889	20447	9266	5266	3357	2469	1873	1500	1144	903	766	633	544	442	413	355	301	12509	9873	7690	5816	4189	2679	1875	1240	839	523	
FAH96699	gm24385_180714DNAb	HG002	127034	59737	0	4938.55	89782	12800	5832	3332	2222	1669	1328	1109	980	806	679	598	538	431	402	353	363	11661	10214	8472	6834	5404	3763	2943	2355	1892	1573	
FAJ04298	GM24385_UB_Run4	HG002	191942	177670	0	23418	69955	27424	18770	12950	9685	7463	6086	4989	4172	3564	2988	2594	2320	2001	1734	1487	1373	20670	15423	10957	7654	5061	3347	2231	1467	970	594	
FAJ14777	gm24385_180807DNA2a	HG002	137245	95995	0	12543.2	71123	17228	9730	5635	3813	3132	2441	2011	1732	1448	1328	1229	1035	959	865	768	764	11148	8895	7148	5803	4039	2961	2400	1878	1458	1315	
FAJ14951	gm24385_180807DNA1f	HG002	179767	146185	0	14979.5	85795	23952	14450	9005	6628	5280	3983	3441	2875	2542	2092	1782	1649	1433	1298	1110	1063	16522	13344	10654	7717	5510	3802	2760	2120	1645	1327	
FAJ14969	gm24385_180807DNA1a	HG002	206569	158508	0	12052.5	105076	28402	16565	10779	7714	5817	4428	3589	3013	2540	2116	1684	1535	1280	1138	1027	919	19699	15615	12514	9275	6721	4586	3574	2842	2062	1769	
FAJ15107	gm24385_180807DNA1e	HG002	122029	99464	0	14493.1	58520	17295	10199	6850	4864	3780	2969	2360	2011	1630	1324	1121	1076	892	708	669	582	11880	9204	7162	5101	3705	2470	1823	1340	1027	817	
FAJ15116	gm24385_180807DNA1c	HG002	125422	60700	0	5168.38	86771	12792	6371	4018	2782	2006	1597	1224	1011	794	701	549	500	438	321	352	298	9691	8473	6949	5942	5049	3611	3227	2844	2558	2433	
FAJ18519	gm24385_180807DNA1b	HG002	203834	153391	0	8799.45	106488	30782	17092	10928	7773	5692	4170	3277	2477	2033	1684	1364	1266	968	848	715	620	21515	17312	13864	10191	7406	5131	3694	2580	2018	1551	
FAJ18554	gm24385_180807DNA2b	HG002	93398	64568	0	12950.6	48220	11706	6508	4088	2986	2343	1943	1637	1341	1184	958	892	804	659	629	559	506	8139	6693	5231	4004	3017	2104	1796	1366	1196	1000	
FAJ18653	gm24385_180807DNA1d	HG002	90	43	0	UNKNOWN	72	7	3	0	0	3	1	0	0	0	0	0	0	0	0	0	0	2	12	2	2	2	5	2	1	1	2	
FAJ19804	gm24385_180807DNA2g	HG002	122216	73904	0	6533.51	80145	14052	6015	3404	2384	1838	1417	1264	1024	921	817	755	655	512	531	515	459	11771	10212	8341	6518	4916	3335	2539	1847	1436	1100	
FAK05435	gm24385_181004DNA1b	HG002	36513	28744	0	13912.7	20208	4071	2137	1415	1071	875	698	625	524	458	403	360	347	280	262	210	176	3041	2467	2028	1574	1100	795	611	435	353	312	
FAK05456	NA24385_NIST_RM_8391_tube_805	HG002	735475	664901	0	2417.88	464307	137904	55535	28908	17121	10624	7065	4478	2936	2008	1352	899	611	440	297	210	162	78002	60262	46475	34142	24192	15873	10727	7032	4774	3437	
FAK05494	gm24385_180831DNA1b	HG002	21643	14127	0	3942.87	15864	2233	787	467	318	249	172	160	131	109	80	90	65	75	60	54	58	1812	1573	1432	1138	943	675	505	420	334	269	
FAK05494-1AEAC631	gm24385_180831DNA1b	HG002	21667	14189	0	3965.94	15812	2266	811	476	316	252	174	162	133	110	82	92	64	76	60	54	58	1832	1576	1436	1144	946	679	509	424	332	268	
FAK05508	gm24385_181004DNA1c	HG002	61288	43551	0	9870.72	37197	6608	3190	2016	1430	1177	966	849	705	610	557	467	441	361	330	305	311	4962	4169	3347	2701	2132	1485	1107	868	779	634	
FAK05572	gm24385_180831DNA1d	HG002	15395	10296	0	8214.51	9937	1823	762	391	276	220	198	164	134	128	127	95	75	76	70	65	62	1257	1053	879	621	520	357	305	247	214	177	
FAK05624	gm24385_180831DNA1a	HG002	40253	28450	0	5317.26	27692	4710	1764	991	743	545	477	357	295	238	228	184	184	168	128	121	112	3597	3004	2522	2129	1632	1109	857	658	426	389	
FAK05710	gm24385_180807DNA2e	HG002	63309	40903	0	9563.05	38418	6983	3539	2194	1549	1201	1045	826	764	628	610	494	402	393	343	319	335	5387	4560	3798	2970	2283	1585	1324	1078	863	712	
FAK05987	gm24385_181004DNA3a	HG002	47749	30016	0	10247.3	30004	4755	2251	1351	995	789	706	604	500	482	396	395	351	312	272	254	228	3762	3070	2516	1962	1562	1116	867	769	612	518	
FAK06063	gm24385_181004DNA3b	HG002	26355	19636	0	10555.1	15842	2929	1470	917	681	530	455	395	311	267	240	218	188	174	157	129	107	2314	1861	1474	1149	901	597	479	347	289	228	
FAK06064	gm24385_180807DNA2i	HG002	8734	5911	0	6626.86	5934	946	454	212	165	119	92	86	63	61	56	41	43	46	30	30	25	682	582	459	375	308	217	174	140	121	98	
FAK06100	gm24385_180831DNA1c	HG002	75979	51880	0	3893.03	55171	8669	3058	1729	1155	834	702	553	470	382	327	284	237	210	208	182	160	6884	5968	4953	4209	3351	2247	1845	1305	1043	859	
FAK06104	gm24385_181004DNA3c	HG002	71142	51366	0	7074.81	45171	8660	3792	2309	1566	1338	1004	867	723	635	507	430	361	344	313	246	268	6403	5516	4662	3726	2816	1983	1534	1106	911	716	
FAK06289	gm24385_181001DNA1a	HG002	12492	9654	0	12594.3	6970	1423	712	477	335	268	222	185	160	128	113	119	89	93	72	57	74	1029	769	636	491	372	254	189	133	137	97	
FAK08419	gm24385_180807DNA2h	HG002	81300	48999	0	7673.35	52390	8435	4044	2249	1599	1374	1132	970	864	739	596	585	506	497	431	408	347	7706	6544	5656	4462	3421	2181	1661	1256	930	775	
FAK08430	gm24385_181004DNA1a	HG002	54250	39405	0	13221	30412	5712	3096	2060	1510	1258	1022	922	799	664	605	537	486	430	378	343	294	4700	3573	2888	2336	1809	1177	933	716	612	518	
FAK08431	gm24385_181023DNA2a	HG002	17468	7189	0	5376.63	12740	1532	666	368	229	210	177	163	130	140	112	79	69	56	56	57	59	1123	992	852	755	674	565	472	400	325	338	
FAK08431-6516D7DC	gm24385_181023DNA2a	HG002	17468	7189	0	5376.63	12740	1532	666	368	229	210	177	163	130	140	112	79	69	56	56	57	59	1123	992	852	755	674	565	472	400	325	338	
FAK08434	gm24385_180807DNA2f	HG002	10001	6259	0	10099	5935	1000	590	347	237	187	154	145	138	105	99	84	89	69	52	58	49	797	639	508	439	381	255	195	151	168	132	
FAK08435	gm24385_180807DNA2d	HG002	73397	7158	0	795.433	67263	3381	831	390	210	166	168	131	96	89	84	68	51	45	44	24	33	3417	3388	3407	3301	3388	2659	2579	2451	2292	2255	
FAK19060	GM24385_B2_run4	HG002	92650	66411	0	14675.4	48830	11055	6509	4096	2986	2368	1969	1598	1335	1121	969	884	790	631	622	526	500	7963	6260	4793	3463	2538	1886	1402	1140	911	674	
FAK19137	GM24385_B2_run6	HG002	76710	62779	0	19228.2	34477	9790	6226	4044	3115	2439	1953	1637	1366	1223	1026	867	784	661	595	526	505	6991	5116	3854	2658	2036	1421	1043	688	589	398	
FAK19199	GM24385_B2_run10	HG002	56967	41511	0	13401.2	30244	6856	4195	2425	1684	1323	1091	895	702	615	551	479	422	367	383	315	292	4825	3789	2852	2124	1604	1106	840	687	559	427	
FAK19308	GM24385_B2_run11	HG002	162322	132666	0	18539.1	73187	22013	13962	8939	6634	5199	4181	3330	2845	2296	2067	1702	1519	1335	1181	982	918	15075	11141	8497	5982	4234	2857	2070	1530	1097	879	
FAK19443	GM24385_B2_run12	HG002	1641	1422	0	17191.6	723	229	160	113	73	67	47	27	24	25	15	17	14	5	14	12	11	155	131	105	76	42	27	28	15	17	9	
FAK19763	GM24385_B2_run5	HG002	133883	106795	0	16745.7	62829	17802	11256	7053	5012	3866	3199	2497	2102	1795	1557	1333	1144	992	882	791	747	11936	9073	6922	4920	3474	2504	1838	1377	1077	740	
FAK20301	GM24385_B2_run9	HG002	297898	258921	0	15341.2	135871	45550	29452	18900	13691	10025	7632	5914	4845	3804	3179	2550	2177	1823	1516	1364	1160	29670	21983	16385	11475	7887	5471	3887	2637	1871	1371	
FAK20305	GM24385_B2_run7	HG002	97865	77417	0	16131.4	47199	12931	7917	4813	3459	2635	2148	1816	1448	1235	1045	857	782	746	654	544	521	8367	6269	4804	3597	2459	1867	1362	1045	693	599	
FAK23998	gm24385_181205DNA1e	HG002	54341	49900	0	8407.07	31274	7189	3442	2141	1563	1209	976	728	655	543	465	411	320	318	274	261	250	5518	4803	3896	3028	2203	1432	908	606	386	239	
FAK24576	gm24385_181114DNA1a	HG002	5781	4667	0	6429.39	3460	894	417	251	151	106	81	59	50	45	38	21	25	11	15	11	13	549	449	332	259	198	126	98	93	71	46	
FAK24602	gm24385_181205DNA1b	HG002	137731	104499	0	6232.52	91794	17020	6868	4135	2965	2093	1653	1342	1123	976	838	684	643	525	489	427	428	12548	10992	9488	6924	5207	3468	2546	1998	1481	1200	
FAK24633	gm24385_181205DNA1d	HG002	101976	26565	0	2258.51	87626	5686	1855	893	583	446	403	364	293	275	244	200	213	198	147	163	149	5918	5465	5068	4523	4296	2897	2857	2605	2359	2316	
FAK26943	gm24385_181114DNA2d	HG002	200830	157268	0	5236.11	132242	27009	10948	5841	3762	2739	2092	1687	1390	1170	1012	882	786	672	625	600	521	18220	15366	12710	10101	7648	5261	3854	2657	2132	1792	
FAK26946	gm24385_181004DNA1e	HG002	238697	193230	0	6435.46	156035	32534	12697	7146	4842	3669	2782	2270	1942	1582	1378	1151	1036	934	777	736	668	23623	18612	14816	11104	8326	5694	4311	3289	2629	2007	
FAK26958	gm24385_181205DNA2d	HG002	103099	93990	0	9587.68	59622	13334	5992	3284	2307	1839	1558	1327	1086	957	901	782	683	678	616	551	579	9743	8212	7069	5193	3729	2427	1658	1035	630	376	
FAK26962	gm24385_181205DNA2b	HG002	14889	13712	0	12679.4	8492	1793	859	523	388	313	245	194	192	160	166	122	120	99	86	95	93	1438	1130	855	669	473	284	208	118	75	47	
FAK26979	gm24385_181205DNA2a	HG002	96493	71075	0	11257.6	56534	11439	5666	3388	2512	1846	1586	1371	1183	969	814	801	624	607	538	485	457	8509	6856	5543	4219	2997	2046	1592	1237	997	788	
FAK27069	gm24385_181004DNA1f	HG002	235491	171019	0	3620.45	171408	28888	9818	5231	3468	2712	1959	1632	1298	1067	893	793	640	612	529	449	393	24709	20151	16524	12809	9935	6659	4796	3601	2642	2088	
FAK27084	gm24385_181205DNA2e	HG002	138804	126498	0	9613.19	80635	18407	8105	4893	3566	2664	2227	1856	1596	1415	1201	980	947	861	704	673	660	13642	11271	9326	6917	5009	3187	2128	1263	818	536	
FAK27104	gm24385_181114DNAe	HG002	154094	122185	0	6177.52	99804	20473	7933	4243	2865	2161	1638	1394	1167	1014	898	783	682	637	600	552	525	14056	11463	9882	7566	5789	3873	2817	1998	1592	1187	
FAK27112	gm24385_181114DNA2c	HG002	303927	245687	0	3734.74	205944	43776	16576	8338	5213	3624	2768	2118	1656	1471	1210	988	853	744	683	630	547	28804	24000	20659	16284	12541	8569	6207	4388	3380	2670	
FAK27139	gm24385_181004DNA1d	HG002	53759	35728	0	3501.75	40096	5846	1860	971	676	493	390	338	295	243	182	199	139	156	133	123	114	4840	4056	3576	2846	2301	1669	1326	1133	909	757	
FAK27218	gm24385_181205DNA2c	HG002	45882	42397	0	12580.7	25018	5333	2881	1799	1318	1044	810	768	622	573	460	415	400	325	321	312	288	4220	3467	2914	2125	1531	1047	723	458	287	169	
FAK27685	gm24385_181205DNA1c	HG002	133116	83610	0	6082.93	90042	14690	6330	3553	2453	1883	1525	1264	1072	932	808	689	634	529	492	469	415	10950	9541	8176	6320	5145	3540	2882	2474	1982	1719	
FAK27715	gm24385_181114DNA2a	HG002	124930	94023	0	8066.94	78594	15145	6687	3806	2676	2083	1681	1468	1264	1023	957	764	678	619	543	529	465	11042	9192	7528	5732	4365	3086	2237	1681	1319	1073	
FAK27729	gm24385_181114DNA2b	HG002	125616	93435	0	8509.78	79287	15247	6302	3639	2471	1996	1597	1443	1217	1027	947	846	754	638	633	555	525	11229	9030	7333	5701	4351	2946	2257	1808	1448	1201	
FAK28227	gm24385_181114DNA2f	HG002	214962	144493	0	5646.52	147728	25168	10001	5472	3722	2712	2249	1861	1546	1324	1190	1021	895	808	741	642	617	18590	15499	13174	10218	8055	5581	4323	3244	2772	2347	
FAK28227-31B79D0D	gm24385_181114DNA2f	HG002	149527	100486	0	5665.32	102809	17473	6896	3799	2594	1868	1547	1306	1041	914	854	698	636	543	507	462	429	12848	10809	9099	7166	5543	3892	3001	2218	1914	1643	
FAK29576	gm24385_181107DNA1a	HG002	68255	53976	0	11761.4	38101	8867	4570	3092	2241	1592	1399	1059	851	803	638	543	491	423	368	335	255	6071	4809	3831	2824	2109	1437	1114	884	651	527	
PAC17886	GM24385_Prom_Notts_1	HG002	955512	521043	0	10625.7	564756	128204	61273	39565	28882	21407	17043	13683	11180	9179	7737	6628	5542	4806	4153	3630	3086	87436	65856	48992	36591	27404	19990	16118	12236	8894	7021	
PAD11290_1	GM24385_Ashley_Run1	HG002	440413	354231	0	11732.9	239093	72475	34179	20809	14744	11609	9387	7931	6354	5303	4204	3337	2570	2146	1630	1216	879	40289	30936	23542	17810	12820	9108	6473	4577	3159	2318	
PAD11290_10	GM24385_Ashley_Run1	HG002	385332	308723	0	11675.4	209584	63988	30125	18088	12703	10084	8112	6579	5407	4519	3748	2977	2297	1751	1418	1079	741	35577	27107	20739	15317	11059	7846	5779	3948	2728	2118	
PAD11290_2	GM24385_Ashley_Run1	HG002	443487	356673	0	11547	241672	72740	34135	21001	14693	11700	9444	7831	6358	5236	4247	3352	2779	2101	1569	1220	920	40789	31239	23721	17597	13066	9242	6497	4710	3250	2310	
PAD11290_3	GM24385_Ashley_Run1	HG002	442095	354252	0	11771.1	241292	72498	34220	20567	14721	11445	9382	7699	6376	5308	4269	3408	2702	2012	1600	1170	909	40548	31252	23632	17628	12740	9045	6694	4571	3209	2410	
PAD11290_4	GM24385_Ashley_Run1	HG002	443144	359528	0	12000	238921	73771	34879	21009	15218	11540	9492	7930	6611	5303	4225	3394	2634	2027	1616	1208	914	41047	31542	23875	17809	12527	9089	6527	4512	3136	2281	
PAD11290_5	GM24385_Ashley_Run1	HG002	448487	361970	0	11619.5	245119	74160	34557	20566	14864	11545	9371	7997	6394	5217	4200	3444	2634	2153	1570	1264	893	41079	31200	23879	17878	13143	9121	6590	4596	3198	2309	
PAD11290_6	GM24385_Ashley_Run1	HG002	440707	354737	0	11984.4	239483	72572	34031	20654	14876	11625	9475	7907	6373	5211	4220	3385	2623	2086	1658	1257	918	40334	31037	23708	17637	12638	8871	6451	4594	3278	2214	
PAD11290_7	GM24385_Ashley_Run1	HG002	445479	356095	0	11556.8	242513	73347	34591	20977	14834	11599	9375	8024	6391	5196	4261	3364	2757	1978	1657	1221	874	40925	31009	23979	17752	13098	9260	6527	4532	3363	2435	
PAD11290_8	GM24385_Ashley_Run1	HG002	442220	353617	0	11764.6	240665	72517	34488	20521	14906	11701	9411	7797	6464	5290	4250	3436	2502	2077	1627	1172	872	40408	30992	23765	17601	12816	9002	6414	4559	3241	2328	
